2026-01-26 10:55:16.204 [I] [sub/root.go:159] start frpc service for config file [frpc.toml]
2026-01-26 10:55:16.211 [I] [client/service.go:331] try to connect to server...
2026-01-26 10:55:16.211 [I] [client/service.go:210] admin server listen on 127.0.0.1:7400
2026-01-26 10:55:16.237 [I] [client/service.go:323] [445877dff1ac4499] login to server success, get run id [445877dff1ac4499]
1
2026-01-26 10:57:29.196 [I] [sub/root.go:159] start frpc service for config file [frpc.toml]
2026-01-26 10:57:29.204 [I] [client/service.go:331] try to connect to server...
2026-01-26 10:57:29.204 [I] [client/service.go:210] admin server listen on 127.0.0.1:7400
2026-01-26 10:57:29.229 [I] [client/service.go:323] [88060b8e9aaf6381] login to server success, get run id [88060b8e9aaf6381]
2026-01-26 10:57:44.927 [I] [client/admin_api.go:201] http get request [/api/config]
2026-01-26 10:57:44.927 [I] [client/admin_api.go:203] http get response [/api/config], code [200]
2026-01-26 10:57:50.098 [I] [client/admin_api.go:168] http request [/api/status]
2026-01-26 10:57:50.098 [I] [client/admin_api.go:170] http response [/api/status]
2026-01-26 11:19:05.548 [I] [sub/root.go:159] start frpc service for config file [frpc.toml]
2026-01-26 11:19:05.556 [I] [client/service.go:331] try to connect to server...
2026-01-26 11:19:05.556 [I] [client/service.go:210] admin server listen on 127.0.0.1:7400
2026-01-26 11:19:05.577 [I] [client/service.go:323] [715162d8793b995b] login to server success, get run id [715162d8793b995b]
2026-01-26 11:19:07.138 [I] [client/admin_api.go:168] http request [/api/status]
2026-01-26 11:19:07.138 [I] [client/admin_api.go:170] http response [/api/status]
2026-01-26 11:19:24.021 [I] [client/admin_api.go:231] http put request [/api/config]
2026-01-26 11:19:24.021 [I] [client/admin_api.go:233] http put response [/api/config], code [200]
2026-01-26 11:19:25.589 [I] [client/admin_api.go:168] http request [/api/status]
2026-01-26 11:19:25.589 [I] [client/admin_api.go:170] http response [/api/status]
2026-01-26 11:19:27.528 [I] [client/admin_api.go:168] http request [/api/status]
2026-01-26 11:19:27.528 [I] [client/admin_api.go:170] http response [/api/status]
2026-01-26 11:19:28.072 [I] [client/admin_api.go:168] http request [/api/status]
2026-01-26 11:19:28.072 [I] [client/admin_api.go:170] http response [/api/status]
2026-01-26 11:19:28.272 [I] [client/admin_api.go:168] http request [/api/status]
2026-01-26 11:19:28.272 [I] [client/admin_api.go:170] http response [/api/status]
2026-01-26 11:19:28.416 [I] [client/admin_api.go:168] http request [/api/status]
2026-01-26 11:19:28.416 [I] [client/admin_api.go:170] http response [/api/status]
2026-01-26 11:19:32.007 [I] [client/admin_api.go:168] http request [/api/status]
2026-01-26 11:19:32.007 [I] [client/admin_api.go:170] http response [/api/status]
2026-01-26 11:19:33.442 [I] [client/admin_api.go:201] http get request [/api/config]
2026-01-26 11:19:33.442 [I] [client/admin_api.go:203] http get response [/api/config], code [200]
2026-01-26 11:19:39.952 [I] [client/admin_api.go:201] http get request [/api/config]
2026-01-26 11:19:39.952 [I] [client/admin_api.go:203] http get response [/api/config], code [200]
2026-01-26 11:19:47.272 [I] [client/admin_api.go:168] http request [/api/status]
2026-01-26 11:19:47.272 [I] [client/admin_api.go:170] http response [/api/status]
2026-01-26 11:19:50.268 [I] [client/admin_api.go:168] http request [/api/status]
2026-01-26 11:19:50.268 [I] [client/admin_api.go:170] http response [/api/status]
2026-01-26 11:19:51.208 [I] [client/admin_api.go:201] http get request [/api/config]
2026-01-26 11:19:51.208 [I] [client/admin_api.go:203] http get response [/api/config], code [200]
2026-01-26 11:19:54.344 [I] [client/admin_api.go:231] http put request [/api/config]
2026-01-26 11:19:54.345 [I] [client/admin_api.go:233] http put response [/api/config], code [200]
2026-01-26 11:19:54.351 [I] [client/admin_api.go:79] api request [/api/reload]
2026-01-26 11:19:54.352 [W] [client/admin_api.go:98] reload frpc proxy config error: proxy 测试: subdomain and custom domains should not be both empty
2026-01-26 11:19:54.352 [I] [client/admin_api.go:81] api response [/api/reload], code [400]
2026-01-26 11:19:55.608 [I] [client/admin_api.go:168] http request [/api/status]
2026-01-26 11:19:55.608 [I] [client/admin_api.go:170] http response [/api/status]
2026-01-26 11:19:56.597 [I] [client/admin_api.go:168] http request [/api/status]
2026-01-26 11:19:56.597 [I] [client/admin_api.go:170] http response [/api/status]
2026-01-26 11:19:57.313 [I] [client/admin_api.go:168] http request [/api/status]
2026-01-26 11:19:57.313 [I] [client/admin_api.go:170] http response [/api/status]
2026-01-26 11:19:57.510 [I] [client/admin_api.go:168] http request [/api/status]
2026-01-26 11:19:57.510 [I] [client/admin_api.go:170] http response [/api/status]
2026-01-26 11:19:57.638 [I] [client/admin_api.go:168] http request [/api/status]
2026-01-26 11:19:57.638 [I] [client/admin_api.go:170] http response [/api/status]
2026-01-26 11:20:33.792 [I] [client/admin_api.go:201] http get request [/api/config]
2026-01-26 11:20:33.792 [I] [client/admin_api.go:203] http get response [/api/config], code [200]
2026-01-26 11:20:37.246 [I] [client/admin_api.go:231] http put request [/api/config]
2026-01-26 11:20:37.247 [I] [client/admin_api.go:233] http put response [/api/config], code [200]
2026-01-26 11:20:37.252 [I] [client/admin_api.go:79] api request [/api/reload]
2026-01-26 11:20:37.252 [W] [client/admin_api.go:98] reload frpc proxy config error: proxy 测试: subdomain and custom domains should not be both empty
2026-01-26 11:20:37.252 [I] [client/admin_api.go:81] api response [/api/reload], code [400]
2026-01-26 11:30:35.658 [I] [sub/root.go:159] start frpc service for config file [frpc.toml]
2026-01-26 11:30:35.666 [I] [client/service.go:331] try to connect to server...
2026-01-26 11:30:35.666 [I] [client/service.go:210] admin server listen on 127.0.0.1:7400
2026-01-26 11:30:35.691 [I] [client/service.go:323] [74e339aaa6c6caba] login to server success, get run id [74e339aaa6c6caba]
2026-01-26 11:30:35.691 [I] [proxy/proxy_manager.go:180] [74e339aaa6c6caba] proxy added: [测试]
2026-01-26 11:30:35.696 [I] [client/control.go:172] [74e339aaa6c6caba] [测试] start proxy success
2026-01-26 11:30:40.014 [I] [client/admin_api.go:201] http get request [/api/config]
2026-01-26 11:30:40.014 [I] [client/admin_api.go:203] http get response [/api/config], code [200]
2026-01-26 11:30:41.328 [I] [client/admin_api.go:168] http request [/api/status]
2026-01-26 11:30:41.328 [I] [client/admin_api.go:170] http response [/api/status]
2026-01-26 11:30:44.951 [I] [client/admin_api.go:168] http request [/api/status]
2026-01-26 11:30:44.951 [I] [client/admin_api.go:170] http response [/api/status]
2026-01-26 11:31:03.051 [I] [client/admin_api.go:168] http request [/api/status]
2026-01-26 11:31:03.051 [I] [client/admin_api.go:170] http response [/api/status]
2026-01-26 11:37:35.902 [I] [sub/root.go:159] start frpc service for config file [frpc.toml]
2026-01-26 11:37:35.910 [I] [client/service.go:331] try to connect to server...
2026-01-26 11:37:35.910 [I] [client/service.go:210] admin server listen on 127.0.0.1:7400
2026-01-26 11:37:35.910 [W] [client/service.go:334] connect to server error: dial tcp: address 70001: invalid port
2026-01-26 11:37:35.910 [I] [sub/root.go:178] frpc service for config file [frpc.toml] stopped
2026-01-26 11:37:54.917 [I] [sub/root.go:159] start frpc service for config file [frpc.toml]
2026-01-26 11:37:54.924 [I] [client/service.go:331] try to connect to server...
2026-01-26 11:37:54.924 [I] [client/service.go:210] admin server listen on 127.0.0.1:7400
2026-01-26 11:37:54.948 [I] [client/service.go:323] [101dc9a9795c8e82] login to server success, get run id [101dc9a9795c8e82]
2026-01-26 11:37:57.691 [I] [client/admin_api.go:168] http request [/api/status]
2026-01-26 11:37:57.691 [I] [client/admin_api.go:170] http response [/api/status]
2026-01-26 11:38:26.303 [I] [client/admin_api.go:231] http put request [/api/config]
2026-01-26 11:38:26.304 [I] [client/admin_api.go:233] http put response [/api/config], code [200]
2026-01-26 11:38:33.574 [I] [client/admin_api.go:168] http request [/api/status]
2026-01-26 11:38:33.574 [I] [client/admin_api.go:170] http response [/api/status]
2026-01-26 11:38:46.242 [I] [client/admin_api.go:168] http request [/api/status]
2026-01-26 11:38:46.242 [I] [client/admin_api.go:170] http response [/api/status]
2026-01-26 11:38:47.677 [I] [client/admin_api.go:201] http get request [/api/config]
2026-01-26 11:38:47.677 [I] [client/admin_api.go:203] http get response [/api/config], code [200]
2026-01-26 11:38:52.494 [I] [client/admin_api.go:231] http put request [/api/config]
2026-01-26 11:38:52.495 [I] [client/admin_api.go:233] http put response [/api/config], code [200]
2026-01-26 11:38:52.500 [I] [client/admin_api.go:79] api request [/api/reload]
2026-01-26 11:38:52.500 [I] [proxy/proxy_manager.go:180] [101dc9a9795c8e82] proxy added: [测试一下吧]
2026-01-26 11:38:52.500 [I] [client/admin_api.go:108] success reload conf
2026-01-26 11:38:52.500 [I] [client/admin_api.go:81] api response [/api/reload], code [200]
2026-01-26 11:38:52.512 [I] [client/control.go:172] [101dc9a9795c8e82] [测试一下吧] start proxy success
2026-01-26 11:39:05.635 [I] [client/admin_api.go:168] http request [/api/status]
2026-01-26 11:39:05.635 [I] [client/admin_api.go:170] http response [/api/status]
2026-01-26 11:39:07.663 [I] [client/admin_api.go:168] http request [/api/status]
2026-01-26 11:39:07.663 [I] [client/admin_api.go:170] http response [/api/status]
2026-01-26 11:39:57.510 [I] [client/admin_api.go:231] http put request [/api/config]
2026-01-26 11:39:57.511 [I] [client/admin_api.go:233] http put response [/api/config], code [200]
2026-01-26 11:40:12.996 [I] [client/admin_api.go:168] http request [/api/status]
2026-01-26 11:40:12.997 [I] [client/admin_api.go:170] http response [/api/status]
2026-01-26 11:40:17.146 [I] [client/admin_api.go:201] http get request [/api/config]
2026-01-26 11:40:17.147 [I] [client/admin_api.go:203] http get response [/api/config], code [200]
2026-01-26 11:40:22.735 [I] [client/admin_api.go:231] http put request [/api/config]
2026-01-26 11:40:22.736 [I] [client/admin_api.go:233] http put response [/api/config], code [200]
2026-01-26 11:40:22.750 [I] [client/admin_api.go:79] api request [/api/reload]
2026-01-26 11:40:22.751 [I] [proxy/proxy_manager.go:180] [101dc9a9795c8e82] proxy added: [2222]
2026-01-26 11:40:22.751 [I] [client/admin_api.go:108] success reload conf
2026-01-26 11:40:22.751 [I] [client/admin_api.go:81] api response [/api/reload], code [200]
2026-01-26 11:40:22.754 [I] [client/control.go:172] [101dc9a9795c8e82] [2222] start proxy success
2026-01-26 11:40:24.721 [I] [client/admin_api.go:168] http request [/api/status]
2026-01-26 11:40:24.721 [I] [client/admin_api.go:170] http response [/api/status]
2026-01-26 11:40:27.739 [I] [client/admin_api.go:168] http request [/api/status]
2026-01-26 11:40:27.740 [I] [client/admin_api.go:170] http response [/api/status]
2026-01-26 11:40:44.287 [I] [client/admin_api.go:231] http put request [/api/config]
2026-01-26 11:40:44.288 [I] [client/admin_api.go:233] http put response [/api/config], code [200]
2026-01-26 11:40:45.583 [I] [client/admin_api.go:168] http request [/api/status]
2026-01-26 11:40:45.583 [I] [client/admin_api.go:170] http response [/api/status]
2026-01-26 11:40:47.205 [I] [client/admin_api.go:168] http request [/api/status]
2026-01-26 11:40:47.205 [I] [client/admin_api.go:170] http response [/api/status]
2026-01-26 11:40:47.517 [I] [client/admin_api.go:168] http request [/api/status]
2026-01-26 11:40:47.517 [I] [client/admin_api.go:170] http response [/api/status]
2026-01-26 11:40:47.693 [I] [client/admin_api.go:168] http request [/api/status]
2026-01-26 11:40:47.693 [I] [client/admin_api.go:170] http response [/api/status]
2026-01-26 11:40:47.846 [I] [client/admin_api.go:168] http request [/api/status]
2026-01-26 11:40:47.846 [I] [client/admin_api.go:170] http response [/api/status]
2026-01-26 11:41:33.903 [I] [sub/root.go:159] start frpc service for config file [frpc.toml]
2026-01-26 11:41:33.911 [I] [client/service.go:331] try to connect to server...
2026-01-26 11:41:33.911 [I] [client/service.go:210] admin server listen on 127.0.0.1:7400
2026-01-26 11:41:33.938 [I] [client/service.go:323] [a69ce25812284c62] login to server success, get run id [a69ce25812284c62]
2026-01-26 11:41:33.938 [I] [proxy/proxy_manager.go:180] [a69ce25812284c62] proxy added: [测试一下吧 2222 43444]
2026-01-26 11:41:33.944 [I] [client/control.go:172] [a69ce25812284c62] [测试一下吧] start proxy success
2026-01-26 11:41:33.944 [I] [client/control.go:172] [a69ce25812284c62] [2222] start proxy success
2026-01-26 11:41:33.944 [I] [client/control.go:172] [a69ce25812284c62] [43444] start proxy success
2026-01-26 11:41:37.736 [I] [client/admin_api.go:168] http request [/api/status]
2026-01-26 11:41:37.736 [I] [client/admin_api.go:170] http response [/api/status]
2026-01-26 11:41:44.487 [I] [client/admin_api.go:201] http get request [/api/config]
2026-01-26 11:41:44.487 [I] [client/admin_api.go:203] http get response [/api/config], code [200]
2026-01-26 11:41:50.742 [I] [client/admin_api.go:231] http put request [/api/config]
2026-01-26 11:41:50.743 [I] [client/admin_api.go:233] http put response [/api/config], code [200]
2026-01-26 11:41:50.753 [I] [client/admin_api.go:79] api request [/api/reload]
2026-01-26 11:41:50.753 [I] [proxy/proxy_manager.go:162] [a69ce25812284c62] proxy removed: [43444 测试一下吧 2222]
2026-01-26 11:41:50.754 [I] [client/admin_api.go:108] success reload conf
2026-01-26 11:41:50.754 [I] [client/admin_api.go:81] api response [/api/reload], code [200]
2026-01-26 11:41:52.281 [I] [client/admin_api.go:168] http request [/api/status]
2026-01-26 11:41:52.281 [I] [client/admin_api.go:170] http response [/api/status]
2026-01-26 11:41:54.535 [I] [client/admin_api.go:168] http request [/api/status]
2026-01-26 11:41:54.535 [I] [client/admin_api.go:170] http response [/api/status]
2026-01-26 11:42:10.424 [I] [client/admin_api.go:231] http put request [/api/config]
2026-01-26 11:42:10.424 [I] [client/admin_api.go:233] http put response [/api/config], code [200]
2026-01-26 11:42:48.214 [I] [sub/root.go:159] start frpc service for config file [frpc.toml]
2026-01-26 11:42:48.222 [I] [client/service.go:331] try to connect to server...
2026-01-26 11:42:48.222 [I] [client/service.go:210] admin server listen on 127.0.0.1:7400
2026-01-26 11:42:48.250 [I] [client/service.go:323] [e78bfab0d1b53526] login to server success, get run id [e78bfab0d1b53526]
2026-01-26 11:42:48.250 [I] [proxy/proxy_manager.go:180] [e78bfab0d1b53526] proxy added: [测试]
2026-01-26 11:42:48.256 [I] [client/control.go:172] [e78bfab0d1b53526] [测试] start proxy success
2026-01-26 11:42:49.920 [I] [client/admin_api.go:168] http request [/api/status]
2026-01-26 11:42:49.920 [I] [client/admin_api.go:170] http response [/api/status]
2026-01-26 11:43:04.490 [I] [client/admin_api.go:231] http put request [/api/config]
2026-01-26 11:43:04.490 [I] [client/admin_api.go:233] http put response [/api/config], code [200]
2026-01-26 11:43:06.024 [I] [client/admin_api.go:168] http request [/api/status]
2026-01-26 11:43:06.024 [I] [client/admin_api.go:170] http response [/api/status]
2026-01-26 11:47:08.940 [I] [sub/root.go:159] start frpc service for config file [frpc.toml]
2026-01-26 11:47:08.950 [I] [client/service.go:331] try to connect to server...
2026-01-26 11:47:08.950 [I] [client/service.go:210] admin server listen on 127.0.0.1:7400
2026-01-26 11:47:08.971 [I] [client/service.go:323] [a7550494813d79f6] login to server success, get run id [a7550494813d79f6]
2026-01-26 11:47:08.971 [I] [proxy/proxy_manager.go:180] [a7550494813d79f6] proxy added: [测试 ddd]
2026-01-26 11:47:08.976 [I] [client/control.go:172] [a7550494813d79f6] [测试] start proxy success
2026-01-26 11:47:08.977 [I] [client/control.go:172] [a7550494813d79f6] [ddd] start proxy success
2026-01-26 11:47:13.124 [I] [client/admin_api.go:168] http request [/api/status]
2026-01-26 11:47:13.124 [I] [client/admin_api.go:170] http response [/api/status]
2026-01-26 11:47:27.292 [I] [client/admin_api.go:231] http put request [/api/config]
2026-01-26 11:47:27.292 [I] [client/admin_api.go:233] http put response [/api/config], code [200]
2026-01-26 11:49:50.642 [I] [client/admin_api.go:168] http request [/api/status]
2026-01-26 11:49:50.642 [I] [client/admin_api.go:170] http response [/api/status]
2026-01-26 11:50:12.115 [I] [sub/root.go:159] start frpc service for config file [frpc.toml]
2026-01-26 11:50:12.122 [I] [client/service.go:331] try to connect to server...
2026-01-26 11:50:12.122 [I] [client/service.go:210] admin server listen on 127.0.0.1:7400
2026-01-26 11:50:12.146 [I] [client/service.go:323] [1c3355832fb418dc] login to server success, get run id [1c3355832fb418dc]
2026-01-26 11:50:13.758 [I] [client/admin_api.go:168] http request [/api/status]
2026-01-26 11:50:13.758 [I] [client/admin_api.go:170] http response [/api/status]
2026-01-26 11:50:28.695 [I] [client/admin_api.go:231] http put request [/api/config]
2026-01-26 11:50:28.696 [I] [client/admin_api.go:233] http put response [/api/config], code [200]
2026-01-26 11:50:29.687 [I] [client/admin_api.go:168] http request [/api/status]
2026-01-26 11:50:29.687 [I] [client/admin_api.go:170] http response [/api/status]
2026-01-26 11:51:10.804 [I] [sub/root.go:159] start frpc service for config file [frpc.toml]
2026-01-26 11:51:10.812 [I] [sub/root.go:170] frpc service for config file [frpc.toml] stopped
2026-01-26 11:51:12.286 [I] [client/admin_api.go:168] http request [/api/status]
2026-01-26 11:51:12.286 [I] [client/admin_api.go:170] http response [/api/status]
2026-01-26 11:51:17.644 [I] [client/admin_api.go:168] http request [/api/status]
2026-01-26 11:51:17.644 [I] [client/admin_api.go:170] http response [/api/status]
2026-01-26 11:51:18.043 [I] [client/admin_api.go:168] http request [/api/status]
2026-01-26 11:51:18.043 [I] [client/admin_api.go:170] http response [/api/status]
2026-01-26 11:51:18.181 [I] [client/admin_api.go:168] http request [/api/status]
2026-01-26 11:51:18.181 [I] [client/admin_api.go:170] http response [/api/status]
2026-01-26 11:51:24.816 [I] [sub/root.go:159] start frpc service for config file [frpc.toml]
2026-01-26 11:51:24.824 [I] [sub/root.go:170] frpc service for config file [frpc.toml] stopped
2026-01-26 11:51:28.007 [I] [client/admin_api.go:168] http request [/api/status]
2026-01-26 11:51:28.007 [I] [client/admin_api.go:170] http response [/api/status]
2026-01-26 11:51:29.188 [I] [client/admin_api.go:168] http request [/api/status]
2026-01-26 11:51:29.188 [I] [client/admin_api.go:170] http response [/api/status]
2026-01-26 11:51:29.381 [I] [client/admin_api.go:168] http request [/api/status]
2026-01-26 11:51:29.381 [I] [client/admin_api.go:170] http response [/api/status]
2026-01-26 11:51:29.539 [I] [client/admin_api.go:168] http request [/api/status]
2026-01-26 11:51:29.539 [I] [client/admin_api.go:170] http response [/api/status]
2026-01-26 11:51:34.586 [I] [client/admin_api.go:168] http request [/api/status]
2026-01-26 11:51:34.586 [I] [client/admin_api.go:170] http response [/api/status]
2026-01-26 11:51:39.821 [I] [client/admin_api.go:168] http request [/api/status]
2026-01-26 11:51:39.821 [I] [client/admin_api.go:170] http response [/api/status]
2026-01-26 11:51:43.750 [I] [client/admin_api.go:168] http request [/api/status]
2026-01-26 11:51:43.750 [I] [client/admin_api.go:170] http response [/api/status]
2026-01-26 11:51:47.709 [I] [client/admin_api.go:168] http request [/api/status]
2026-01-26 11:51:47.709 [I] [client/admin_api.go:170] http response [/api/status]
2026-01-26 11:51:48.426 [I] [client/admin_api.go:168] http request [/api/status]
2026-01-26 11:51:48.426 [I] [client/admin_api.go:170] http response [/api/status]
2026-01-26 11:52:19.158 [I] [sub/root.go:159] start frpc service for config file [frpc.toml]
2026-01-26 11:52:19.166 [I] [client/service.go:331] try to connect to server...
2026-01-26 11:52:19.166 [I] [client/service.go:210] admin server listen on 127.0.0.1:7400
2026-01-26 11:52:19.190 [I] [client/service.go:323] [f65cfdb30a22bb6a] login to server success, get run id [f65cfdb30a22bb6a]
2026-01-26 11:52:19.190 [I] [proxy/proxy_manager.go:180] [f65cfdb30a22bb6a] proxy added: [test]
2026-01-26 11:52:19.195 [I] [client/control.go:172] [f65cfdb30a22bb6a] [test] start proxy success
2026-01-26 11:52:21.940 [I] [client/admin_api.go:168] http request [/api/status]
2026-01-26 11:52:21.940 [I] [client/admin_api.go:170] http response [/api/status]
2026-01-26 11:52:24.259 [I] [client/admin_api.go:168] http request [/api/status]
2026-01-26 11:52:24.259 [I] [client/admin_api.go:170] http response [/api/status]
2026-01-26 11:52:37.131 [I] [client/admin_api.go:231] http put request [/api/config]
2026-01-26 11:52:37.131 [I] [client/admin_api.go:233] http put response [/api/config], code [200]
2026-01-26 11:52:37.134 [I] [client/admin_api.go:79] api request [/api/reload]
2026-01-26 11:52:37.134 [W] [client/admin_api.go:98] reload frpc proxy config error: proxy 侧睡: localPort: localPort: port number 67894 must be in the range 0..65535
2026-01-26 11:52:37.134 [I] [client/admin_api.go:81] api response [/api/reload], code [400]
2026-01-26 11:52:42.450 [I] [client/admin_api.go:168] http request [/api/status]
2026-01-26 11:52:42.450 [I] [client/admin_api.go:170] http response [/api/status]
2026-01-26 11:59:00.918 [I] [sub/root.go:159] start frpc service for config file [frpc.toml]
2026-01-26 11:59:00.925 [I] [client/service.go:331] try to connect to server...
2026-01-26 11:59:00.925 [I] [client/service.go:210] admin server listen on 127.0.0.1:7400
2026-01-26 11:59:00.949 [I] [client/service.go:323] [d2b69472492f67dd] login to server success, get run id [d2b69472492f67dd]
2026-01-26 11:59:00.949 [I] [proxy/proxy_manager.go:180] [d2b69472492f67dd] proxy added: [test]
2026-01-26 11:59:00.955 [I] [client/control.go:172] [d2b69472492f67dd] [test] start proxy success
2026-01-26 11:59:02.424 [I] [client/admin_api.go:168] http request [/api/status]
2026-01-26 11:59:02.424 [I] [client/admin_api.go:170] http response [/api/status]
2026-01-26 11:59:24.796 [I] [client/admin_api.go:231] http put request [/api/config]
2026-01-26 11:59:24.797 [I] [client/admin_api.go:233] http put response [/api/config], code [200]
2026-01-26 11:59:24.801 [I] [client/admin_api.go:79] api request [/api/reload]
2026-01-26 11:59:24.801 [I] [proxy/proxy_manager.go:180] [d2b69472492f67dd] proxy added: [4234]
2026-01-26 11:59:24.801 [I] [client/admin_api.go:108] success reload conf
2026-01-26 11:59:24.801 [I] [client/admin_api.go:81] api response [/api/reload], code [200]
2026-01-26 11:59:24.807 [I] [client/control.go:172] [d2b69472492f67dd] [4234] start proxy success
2026-01-26 11:59:26.183 [I] [client/admin_api.go:168] http request [/api/status]
2026-01-26 11:59:26.183 [I] [client/admin_api.go:170] http response [/api/status]
2026-01-26 11:59:30.916 [I] [client/admin_api.go:168] http request [/api/status]
2026-01-26 11:59:30.916 [I] [client/admin_api.go:170] http response [/api/status]
